<?xml version="1.0" encoding="utf-8"?><testsuites name="pytest tests"><testsuite name="pytest" errors="0" failures="0" skipped="0" tests="8" time="1.333" timestamp="2026-05-16T19:28:44.886473+00:00" hostname="agent-env-036c88fa-2192-4a51-8010-e0c69811bda0"><testcase classname="backend.tests.test_grabit_api" name="test_root_alive" time="0.247" /><testcase classname="backend.tests.test_grabit_api" name="test_preview_youtube_returns_metadata" time="0.116" /><testcase classname="backend.tests.test_grabit_api" name="test_preview_tiktok" time="0.343" /><testcase classname="backend.tests.test_grabit_api" name="test_preview_instagram_platform_only" time="0.049" /><testcase classname="backend.tests.test_grabit_api" name="test_preview_facebook_platform_only" time="0.044" /><testcase classname="backend.tests.test_grabit_api" name="test_preview_x" time="0.207" /><testcase classname="backend.tests.test_grabit_api" name="test_preview_unknown" time="0.046" /><testcase classname="backend.tests.test_grabit_api" name="test_preview_empty_url_returns_400" time="0.043" /></testsuite></testsuites>